# JRE version: OpenJDK Runtime Environment (17.0.6) (build 17.0.6+0-b2043.56-10027231)
# Java VM: OpenJDK 64-Bit Server VM (17.0.6+0-b2043.56-10027231, mixed mode, tiered, compressed oops, compressed class ptrs, g1 gc, windows-amd64)
GC Precious Log:
 CPUs: 4 total, 4 available
 Memory: 7983M
 Large Page Support: Disabled
 NUMA Support: Disabled
 Compressed Oops: Enabled (32-bit)
 Heap Region Size: 1M
 Heap Min Capacity: 8M
 Heap Initial Capacity: 126M
 Heap Max Capacity: 2G
 Pre-touch: Disabled
 Parallel Workers: 4
 Concurrent Workers: 1
 Concurrent Refinement Workers: 4
 Periodic GC: Disabled
Heap:
 garbage-first heap   total 177152K, used 110945K [0x0000000080000000, 0x0000000100000000)
  region size 1024K, 30 young (30720K), 5 survivors (5120K)
 Metaspace       used 88442K, committed 89024K, reserved 1130496K
  class space    used 12044K, committed 12288K, reserved 1048576K
GC Heap History (20 events):
Event: 20.544 GC heap before
{Heap before GC invocations=19 (full 0):
 garbage-first heap   total 131072K, used 77272K [0x0000000080000000, 0x0000000100000000)
  region size 1024K, 28 young (28672K), 7 survivors (7168K)
 Metaspace       used 66525K, committed 67008K, reserved 1114112K
  class space    used 8710K, committed 8960K, reserved 1048576K
}
Event: 20.560 GC heap after
{Heap after GC invocations=20 (full 0):
 garbage-first heap   total 131072K, used 57721K [0x0000000080000000, 0x0000000100000000)
  region size 1024K, 2 young (2048K), 2 survivors (2048K)
 Metaspace       used 66525K, committed 67008K, reserved 1114112K
  class space    used 8710K, committed 8960K, reserved 1048576K
}
Event: 21.620 GC heap before
{Heap before GC invocations=21 (full 0):
 garbage-first heap   total 131072K, used 102777K [0x0000000080000000, 0x0000000100000000)
  region size 1024K, 46 young (47104K), 2 survivors (2048K)
 Metaspace       used 68844K, committed 69376K, reserved 1114112K
  class space    used 9040K, committed 9280K, reserved 1048576K
}
Event: 21.630 GC heap after
{Heap after GC invocations=22 (full 0):
 garbage-first heap   total 131072K, used 60490K [0x0000000080000000, 0x0000000100000000)
  region size 1024K, 5 young (5120K), 5 survivors (5120K)
 Metaspace       used 68844K, committed 69376K, reserved 1114112K
  class space    used 9040K, committed 9280K, reserved 1048576K
}
Event: 22.922 GC heap before
{Heap before GC invocations=23 (full 0):
 garbage-first heap   total 131072K, used 103498K [0x0000000080000000, 0x0000000100000000)
  region size 1024K, 47 young (48128K), 5 survivors (5120K)
 Metaspace       used 72543K, committed 73088K, reserved 1114112K
  class space    used 9674K, committed 9920K, reserved 1048576K
}
Event: 22.937 GC heap after
{Heap after GC invocations=24 (full 0):
 garbage-first heap   total 131072K, used 63558K [0x0000000080000000, 0x0000000100000000)
  region size 1024K, 4 young (4096K), 4 survivors (4096K)
 Metaspace       used 72543K, committed 73088K, reserved 1114112K
  class space    used 9674K, committed 9920K, reserved 1048576K
}
Event: 24.522 GC heap before
{Heap before GC invocations=24 (full 0):
 garbage-first heap   total 131072K, used 104518K [0x0000000080000000, 0x0000000100000000)
  region size 1024K, 44 young (45056K), 4 survivors (4096K)
 Metaspace       used 77084K, committed 77696K, reserved 1122304K
  class space    used 10405K, committed 10688K, reserved 1048576K
}
Event: 24.536 GC heap after
{Heap after GC invocations=25 (full 0):
 garbage-first heap   total 131072K, used 66333K [0x0000000080000000, 0x0000000100000000)
  region size 1024K, 6 young (6144K), 6 survivors (6144K)
 Metaspace       used 77084K, committed 77696K, reserved 1122304K
  class space    used 10405K, committed 10688K, reserved 1048576K
}
Event: 25.894 GC heap before
{Heap before GC invocations=26 (full 0):
 garbage-first heap   total 131072K, used 106269K [0x0000000080000000, 0x0000000100000000)
  region size 1024K, 45 young (46080K), 6 survivors (6144K)
 Metaspace       used 82120K, committed 82752K, reserved 1122304K
  class space    used 11148K, committed 11456K, reserved 1048576K
}
Event: 25.913 GC heap after
{Heap after GC invocations=27 (full 0):
 garbage-first heap   total 131072K, used 69061K [0x0000000080000000, 0x0000000100000000)
  region size 1024K, 6 young (6144K), 6 survivors (6144K)
 Metaspace       used 82120K, committed 82752K, reserved 1122304K
  class space    used 11148K, committed 11456K, reserved 1048576K
}
Event: 27.067 GC heap before
{Heap before GC invocations=27 (full 0):
 garbage-first heap   total 131072K, used 106949K [0x0000000080000000, 0x0000000100000000)
  region size 1024K, 43 young (44032K), 6 survivors (6144K)
 Metaspace       used 84718K, committed 85312K, reserved 1130496K
  class space    used 11486K, committed 11776K, reserved 1048576K
}
Event: 27.085 GC heap after
{Heap after GC invocations=28 (full 0):
 garbage-first heap   total 131072K, used 72362K [0x0000000080000000, 0x0000000100000000)
  region size 1024K, 6 young (6144K), 6 survivors (6144K)
 Metaspace       used 84718K, committed 85312K, reserved 1130496K
  class space    used 11486K, committed 11776K, reserved 1048576K
}
Event: 27.873 GC heap before
{Heap before GC invocations=29 (full 0):
 garbage-first heap   total 132096K, used 108202K [0x0000000080000000, 0x0000000100000000)
  region size 1024K, 41 young (41984K), 6 survivors (6144K)
 Metaspace       used 85459K, committed 86016K, reserved 1130496K
  class space    used 11581K, committed 11840K, reserved 1048576K
}
Event: 27.894 GC heap after
{Heap after GC invocations=30 (full 0):
 garbage-first heap   total 132096K, used 78193K [0x0000000080000000, 0x0000000100000000)
  region size 1024K, 6 young (6144K), 6 survivors (6144K)
 Metaspace       used 85459K, committed 86016K, reserved 1130496K
  class space    used 11581K, committed 11840K, reserved 1048576K
}
Event: 28.811 GC heap before
{Heap before GC invocations=30 (full 0):
 garbage-first heap   total 132096K, used 107889K [0x0000000080000000, 0x0000000100000000)
  region size 1024K, 35 young (35840K), 6 survivors (6144K)
 Metaspace       used 86628K, committed 87232K, reserved 1130496K
  class space    used 11831K, committed 12096K, reserved 1048576K
}
Event: 28.831 GC heap after
{Heap after GC invocations=31 (full 0):
 garbage-first heap   total 132096K, used 82944K [0x0000000080000000, 0x0000000100000000)
  region size 1024K, 5 young (5120K), 5 survivors (5120K)
 Metaspace       used 86628K, committed 87232K, reserved 1130496K
  class space    used 11831K, committed 12096K, reserved 1048576K
}
Event: 30.397 GC heap before
{Heap before GC invocations=32 (full 0):
 garbage-first heap   total 147456K, used 106496K [0x0000000080000000, 0x0000000100000000)
  region size 1024K, 29 young (29696K), 5 survivors (5120K)
 Metaspace       used 87884K, committed 88448K, reserved 1130496K
  class space    used 12005K, committed 12288K, reserved 1048576K
}
Event: 30.418 GC heap after
{Heap after GC invocations=33 (full 0):
 garbage-first heap   total 147456K, used 85463K [0x0000000080000000, 0x0000000100000000)
  region size 1024K, 3 young (3072K), 3 survivors (3072K)
 Metaspace       used 87884K, committed 88448K, reserved 1130496K
  class space    used 12005K, committed 12288K, reserved 1048576K
}
Event: 31.248 GC heap before
{Heap before GC invocations=33 (full 0):
 garbage-first heap   total 147456K, used 119255K [0x0000000080000000, 0x0000000100000000)
  region size 1024K, 37 young (37888K), 3 survivors (3072K)
 Metaspace       used 88128K, committed 88768K, reserved 1130496K
  class space    used 12010K, committed 12288K, reserved 1048576K
}
Event: 31.259 GC heap after
{Heap after GC invocations=34 (full 0):
 garbage-first heap   total 177152K, used 87393K [0x0000000080000000, 0x0000000100000000)
  region size 1024K, 5 young (5120K), 5 survivors (5120K)
 Metaspace       used 88128K, committed 88768K, reserved 1130496K
  class space    used 12010K, committed 12288K, reserved 1048576K
}

