# JRE version: OpenJDK Runtime Environment (17.0.6) (build 17.0.6+0-b2043.56-10027231)
# Java VM: OpenJDK 64-Bit Server VM (17.0.6+0-b2043.56-10027231, mixed mode, tiered, compressed oops, compressed class ptrs, g1 gc, windows-amd64)
GC Precious Log:
 CPUs: 4 total, 4 available
 Memory: 7983M
 Large Page Support: Disabled
 NUMA Support: Disabled
 Compressed Oops: Enabled (32-bit)
 Heap Region Size: 1M
 Heap Min Capacity: 8M
 Heap Initial Capacity: 126M
 Heap Max Capacity: 2G
 Pre-touch: Disabled
 Parallel Workers: 4
 Concurrent Workers: 1
 Concurrent Refinement Workers: 4
 Periodic GC: Disabled
Heap:
 garbage-first heap   total 129024K, used 58215K [0x0000000080000000, 0x0000000100000000)
  region size 1024K, 2 young (2048K), 2 survivors (2048K)
 Metaspace       used 68606K, committed 69184K, reserved 1114112K
  class space    used 8997K, committed 9280K, reserved 1048576K
GC Heap History (20 events):
Event: 8.914 GC heap after
{Heap after GC invocations=11 (full 0):
 garbage-first heap   total 65536K, used 26566K [0x0000000080000000, 0x0000000100000000)
  region size 1024K, 4 young (4096K), 4 survivors (4096K)
 Metaspace       used 39778K, committed 40064K, reserved 1089536K
  class space    used 5280K, committed 5376K, reserved 1048576K
}
Event: 9.508 GC heap before
{Heap before GC invocations=12 (full 0):
 garbage-first heap   total 65536K, used 52166K [0x0000000080000000, 0x0000000100000000)
  region size 1024K, 26 young (26624K), 4 survivors (4096K)
 Metaspace       used 41893K, committed 42304K, reserved 1089536K
  class space    used 5470K, committed 5632K, reserved 1048576K
}
Event: 9.517 GC heap after
{Heap after GC invocations=13 (full 0):
 garbage-first heap   total 65536K, used 27891K [0x0000000080000000, 0x0000000100000000)
  region size 1024K, 3 young (3072K), 3 survivors (3072K)
 Metaspace       used 41893K, committed 42304K, reserved 1089536K
  class space    used 5470K, committed 5632K, reserved 1048576K
}
Event: 9.533 GC heap before
{Heap before GC invocations=13 (full 0):
 garbage-first heap   total 65536K, used 28915K [0x0000000080000000, 0x0000000100000000)
  region size 1024K, 4 young (4096K), 3 survivors (3072K)
 Metaspace       used 41906K, committed 42304K, reserved 1089536K
  class space    used 5472K, committed 5632K, reserved 1048576K
}
Event: 9.541 GC heap after
{Heap after GC invocations=14 (full 0):
 garbage-first heap   total 92160K, used 27953K [0x0000000080000000, 0x0000000100000000)
  region size 1024K, 1 young (1024K), 1 survivors (1024K)
 Metaspace       used 41906K, committed 42304K, reserved 1089536K
  class space    used 5472K, committed 5632K, reserved 1048576K
}
Event: 10.587 GC heap before
{Heap before GC invocations=14 (full 0):
 garbage-first heap   total 92160K, used 67889K [0x0000000080000000, 0x0000000100000000)
  region size 1024K, 39 young (39936K), 1 survivors (1024K)
 Metaspace       used 47081K, committed 47488K, reserved 1097728K
  class space    used 6201K, committed 6400K, reserved 1048576K
}
Event: 10.595 GC heap after
{Heap after GC invocations=15 (full 0):
 garbage-first heap   total 92160K, used 30331K [0x0000000080000000, 0x0000000100000000)
  region size 1024K, 3 young (3072K), 3 survivors (3072K)
 Metaspace       used 47081K, committed 47488K, reserved 1097728K
  class space    used 6201K, committed 6400K, reserved 1048576K
}
Event: 11.771 GC heap before
{Heap before GC invocations=15 (full 0):
 garbage-first heap   total 92160K, used 69243K [0x0000000080000000, 0x0000000100000000)
  region size 1024K, 41 young (41984K), 3 survivors (3072K)
 Metaspace       used 50526K, committed 50944K, reserved 1097728K
  class space    used 6673K, committed 6848K, reserved 1048576K
}
Event: 11.782 GC heap after
{Heap after GC invocations=16 (full 0):
 garbage-first heap   total 92160K, used 32450K [0x0000000080000000, 0x0000000100000000)
  region size 1024K, 5 young (5120K), 5 survivors (5120K)
 Metaspace       used 50526K, committed 50944K, reserved 1097728K
  class space    used 6673K, committed 6848K, reserved 1048576K
}
Event: 12.702 GC heap before
{Heap before GC invocations=16 (full 0):
 garbage-first heap   total 92160K, used 79554K [0x0000000080000000, 0x0000000100000000)
  region size 1024K, 42 young (43008K), 5 survivors (5120K)
 Metaspace       used 53145K, committed 53632K, reserved 1097728K
  class space    used 7014K, committed 7232K, reserved 1048576K
}
Event: 12.718 GC heap after
{Heap after GC invocations=17 (full 0):
 garbage-first heap   total 92160K, used 48025K [0x0000000080000000, 0x0000000100000000)
  region size 1024K, 6 young (6144K), 6 survivors (6144K)
 Metaspace       used 53145K, committed 53632K, reserved 1097728K
  class space    used 7014K, committed 7232K, reserved 1048576K
}
Event: 13.403 GC heap before
{Heap before GC invocations=17 (full 0):
 garbage-first heap   total 92160K, used 70553K [0x0000000080000000, 0x0000000100000000)
  region size 1024K, 28 young (28672K), 6 survivors (6144K)
 Metaspace       used 57047K, committed 57536K, reserved 1105920K
  class space    used 7483K, committed 7680K, reserved 1048576K
}
Event: 13.410 GC heap after
{Heap after GC invocations=18 (full 0):
 garbage-first heap   total 92160K, used 49693K [0x0000000080000000, 0x0000000100000000)
  region size 1024K, 2 young (2048K), 2 survivors (2048K)
 Metaspace       used 57047K, committed 57536K, reserved 1105920K
  class space    used 7483K, committed 7680K, reserved 1048576K
}
Event: 14.172 GC heap before
{Heap before GC invocations=19 (full 0):
 garbage-first heap   total 92160K, used 71197K [0x0000000080000000, 0x0000000100000000)
  region size 1024K, 24 young (24576K), 2 survivors (2048K)
 Metaspace       used 61314K, committed 61888K, reserved 1105920K
  class space    used 8067K, committed 8320K, reserved 1048576K
}
Event: 14.178 GC heap after
{Heap after GC invocations=20 (full 0):
 garbage-first heap   total 92160K, used 51573K [0x0000000080000000, 0x0000000100000000)
  region size 1024K, 3 young (3072K), 3 survivors (3072K)
 Metaspace       used 61314K, committed 61888K, reserved 1105920K
  class space    used 8067K, committed 8320K, reserved 1048576K
}
Event: 14.550 GC heap before
{Heap before GC invocations=21 (full 0):
 garbage-first heap   total 117760K, used 77173K [0x0000000080000000, 0x0000000100000000)
  region size 1024K, 22 young (22528K), 3 survivors (3072K)
 Metaspace       used 62367K, committed 62784K, reserved 1105920K
  class space    used 8215K, committed 8384K, reserved 1048576K
}
Event: 14.560 GC heap after
{Heap after GC invocations=22 (full 0):
 garbage-first heap   total 117760K, used 53829K [0x0000000080000000, 0x0000000100000000)
  region size 1024K, 3 young (3072K), 3 survivors (3072K)
 Metaspace       used 62367K, committed 62784K, reserved 1105920K
  class space    used 8215K, committed 8384K, reserved 1048576K
}
Event: 15.332 GC heap before
{Heap before GC invocations=22 (full 0):
 garbage-first heap   total 117760K, used 87621K [0x0000000080000000, 0x0000000100000000)
  region size 1024K, 35 young (35840K), 3 survivors (3072K)
 Metaspace       used 65093K, committed 65600K, reserved 1114112K
  class space    used 8536K, committed 8768K, reserved 1048576K
}
Event: 15.344 GC heap after
{Heap after GC invocations=23 (full 0):
 garbage-first heap   total 117760K, used 57002K [0x0000000080000000, 0x0000000100000000)
  region size 1024K, 4 young (4096K), 4 survivors (4096K)
 Metaspace       used 65093K, committed 65600K, reserved 1114112K
  class space    used 8536K, committed 8768K, reserved 1048576K
}
Event: 16.199 GC heap before
{Heap before GC invocations=23 (full 0):
 garbage-first heap   total 117760K, used 87722K [0x0000000080000000, 0x0000000100000000)
  region size 1024K, 34 young (34816K), 4 survivors (4096K)
 Metaspace       used 68606K, committed 69184K, reserved 1114112K
  class space    used 8997K, committed 9280K, reserved 1048576K
}

