# JRE version: OpenJDK Runtime Environment (17.0.6) (build 17.0.6+0-b2043.56-10027231)
# Java VM: OpenJDK 64-Bit Server VM (17.0.6+0-b2043.56-10027231, mixed mode, tiered, compressed oops, compressed class ptrs, g1 gc, windows-amd64)
GC Precious Log:
 CPUs: 4 total, 4 available
 Memory: 7983M
 Large Page Support: Disabled
 NUMA Support: Disabled
 Compressed Oops: Enabled (32-bit)
 Heap Region Size: 1M
 Heap Min Capacity: 8M
 Heap Initial Capacity: 126M
 Heap Max Capacity: 2G
 Pre-touch: Disabled
 Parallel Workers: 4
 Concurrent Workers: 1
 Concurrent Refinement Workers: 4
 Periodic GC: Disabled
Heap:
 garbage-first heap   total 199680K, used 142286K [0x0000000080000000, 0x0000000100000000)
  region size 1024K, 45 young (46080K), 1 survivors (1024K)
 Metaspace       used 96447K, committed 97152K, reserved 1138688K
  class space    used 13111K, committed 13440K, reserved 1048576K
GC Heap History (20 events):
Event: 21.606 GC heap before
{Heap before GC invocations=30 (full 0):
 garbage-first heap   total 158720K, used 117317K [0x0000000080000000, 0x0000000100000000)
  region size 1024K, 59 young (60416K), 5 survivors (5120K)
 Metaspace       used 74325K, committed 74880K, reserved 1114112K
  class space    used 9993K, committed 10240K, reserved 1048576K
}
Event: 21.622 GC heap after
{Heap after GC invocations=31 (full 0):
 garbage-first heap   total 158720K, used 65233K [0x0000000080000000, 0x0000000100000000)
  region size 1024K, 8 young (8192K), 8 survivors (8192K)
 Metaspace       used 74325K, committed 74880K, reserved 1114112K
  class space    used 9993K, committed 10240K, reserved 1048576K
}
Event: 23.417 GC heap before
{Heap before GC invocations=31 (full 0):
 garbage-first heap   total 158720K, used 120529K [0x0000000080000000, 0x0000000100000000)
  region size 1024K, 62 young (63488K), 8 survivors (8192K)
 Metaspace       used 80151K, committed 80704K, reserved 1122304K
  class space    used 10873K, committed 11136K, reserved 1048576K
}
Event: 23.438 GC heap after
{Heap after GC invocations=32 (full 0):
 garbage-first heap   total 158720K, used 69262K [0x0000000080000000, 0x0000000100000000)
  region size 1024K, 8 young (8192K), 8 survivors (8192K)
 Metaspace       used 80151K, committed 80704K, reserved 1122304K
  class space    used 10873K, committed 11136K, reserved 1048576K
}
Event: 25.068 GC heap before
{Heap before GC invocations=32 (full 0):
 garbage-first heap   total 158720K, used 124558K [0x0000000080000000, 0x0000000100000000)
  region size 1024K, 62 young (63488K), 8 survivors (8192K)
 Metaspace       used 85130K, committed 85696K, reserved 1130496K
  class space    used 11525K, committed 11776K, reserved 1048576K
}
Event: 25.092 GC heap after
{Heap after GC invocations=33 (full 0):
 garbage-first heap   total 158720K, used 73881K [0x0000000080000000, 0x0000000100000000)
  region size 1024K, 8 young (8192K), 8 survivors (8192K)
 Metaspace       used 85130K, committed 85696K, reserved 1130496K
  class space    used 11525K, committed 11776K, reserved 1048576K
}
Event: 25.906 GC heap before
{Heap before GC invocations=33 (full 0):
 garbage-first heap   total 158720K, used 126105K [0x0000000080000000, 0x0000000100000000)
  region size 1024K, 59 young (60416K), 8 survivors (8192K)
 Metaspace       used 85765K, committed 86400K, reserved 1130496K
  class space    used 11608K, committed 11904K, reserved 1048576K
}
Event: 25.937 GC heap after
{Heap after GC invocations=34 (full 0):
 garbage-first heap   total 158720K, used 82845K [0x0000000080000000, 0x0000000100000000)
  region size 1024K, 8 young (8192K), 8 survivors (8192K)
 Metaspace       used 85765K, committed 86400K, reserved 1130496K
  class space    used 11608K, committed 11904K, reserved 1048576K
}
Event: 28.208 GC heap before
{Heap before GC invocations=34 (full 0):
 garbage-first heap   total 158720K, used 124829K [0x0000000080000000, 0x0000000100000000)
  region size 1024K, 50 young (51200K), 8 survivors (8192K)
 Metaspace       used 88143K, committed 88704K, reserved 1130496K
  class space    used 12022K, committed 12288K, reserved 1048576K
}
Event: 28.233 GC heap after
{Heap after GC invocations=35 (full 0):
 garbage-first heap   total 158720K, used 88182K [0x0000000080000000, 0x0000000100000000)
  region size 1024K, 5 young (5120K), 5 survivors (5120K)
 Metaspace       used 88143K, committed 88704K, reserved 1130496K
  class space    used 12022K, committed 12288K, reserved 1048576K
}
Event: 29.350 GC heap before
{Heap before GC invocations=36 (full 0):
 garbage-first heap   total 165888K, used 126070K [0x0000000080000000, 0x0000000100000000)
  region size 1024K, 43 young (44032K), 5 survivors (5120K)
 Metaspace       used 88315K, committed 88896K, reserved 1130496K
  class space    used 12029K, committed 12288K, reserved 1048576K
}
Event: 29.367 GC heap after
{Heap after GC invocations=37 (full 0):
 garbage-first heap   total 165888K, used 90845K [0x0000000080000000, 0x0000000100000000)
  region size 1024K, 3 young (3072K), 3 survivors (3072K)
 Metaspace       used 88315K, committed 88896K, reserved 1130496K
  class space    used 12029K, committed 12288K, reserved 1048576K
}
Event: 29.452 GC heap before
{Heap before GC invocations=37 (full 0):
 garbage-first heap   total 165888K, used 94941K [0x0000000080000000, 0x0000000100000000)
  region size 1024K, 8 young (8192K), 3 survivors (3072K)
 Metaspace       used 88352K, committed 88960K, reserved 1130496K
  class space    used 12029K, committed 12288K, reserved 1048576K
}
Event: 29.461 GC heap after
{Heap after GC invocations=38 (full 0):
 garbage-first heap   total 199680K, used 90705K [0x0000000080000000, 0x0000000100000000)
  region size 1024K, 1 young (1024K), 1 survivors (1024K)
 Metaspace       used 88352K, committed 88960K, reserved 1130496K
  class space    used 12029K, committed 12288K, reserved 1048576K
}
Event: 31.256 GC heap before
{Heap before GC invocations=38 (full 0):
 garbage-first heap   total 199680K, used 157265K [0x0000000080000000, 0x0000000100000000)
  region size 1024K, 67 young (68608K), 1 survivors (1024K)
 Metaspace       used 88954K, committed 89536K, reserved 1130496K
  class space    used 12073K, committed 12352K, reserved 1048576K
}
Event: 31.269 GC heap after
{Heap after GC invocations=39 (full 0):
 garbage-first heap   total 199680K, used 95180K [0x0000000080000000, 0x0000000100000000)
  region size 1024K, 5 young (5120K), 5 survivors (5120K)
 Metaspace       used 88954K, committed 89536K, reserved 1130496K
  class space    used 12073K, committed 12352K, reserved 1048576K
}
Event: 33.722 GC heap before
{Heap before GC invocations=40 (full 0):
 garbage-first heap   total 199680K, used 159692K [0x0000000080000000, 0x0000000100000000)
  region size 1024K, 69 young (70656K), 5 survivors (5120K)
 Metaspace       used 94631K, committed 95232K, reserved 1138688K
  class space    used 12851K, committed 13120K, reserved 1048576K
}
Event: 33.746 GC heap after
{Heap after GC invocations=41 (full 0):
 garbage-first heap   total 199680K, used 99084K [0x0000000080000000, 0x0000000100000000)
  region size 1024K, 4 young (4096K), 4 survivors (4096K)
 Metaspace       used 94631K, committed 95232K, reserved 1138688K
  class space    used 12851K, committed 13120K, reserved 1048576K
}
Event: 33.971 GC heap before
{Heap before GC invocations=41 (full 0):
 garbage-first heap   total 199680K, used 103180K [0x0000000080000000, 0x0000000100000000)
  region size 1024K, 9 young (9216K), 4 survivors (4096K)
 Metaspace       used 95168K, committed 95744K, reserved 1138688K
  class space    used 12915K, committed 13184K, reserved 1048576K
}
Event: 33.985 GC heap after
{Heap after GC invocations=42 (full 0):
 garbage-first heap   total 199680K, used 99278K [0x0000000080000000, 0x0000000100000000)
  region size 1024K, 1 young (1024K), 1 survivors (1024K)
 Metaspace       used 95168K, committed 95744K, reserved 1138688K
  class space    used 12915K, committed 13184K, reserved 1048576K
}

