# JRE version: OpenJDK Runtime Environment (17.0.6) (build 17.0.6+0-b2043.56-10027231)
# Java VM: OpenJDK 64-Bit Server VM (17.0.6+0-b2043.56-10027231, mixed mode, tiered, compressed oops, compressed class ptrs, g1 gc, windows-amd64)
GC Precious Log:
 CPUs: 4 total, 4 available
 Memory: 7983M
 Large Page Support: Disabled
 NUMA Support: Disabled
 Compressed Oops: Enabled (32-bit)
 Heap Region Size: 1M
 Heap Min Capacity: 8M
 Heap Initial Capacity: 126M
 Heap Max Capacity: 2G
 Pre-touch: Disabled
 Parallel Workers: 4
 Concurrent Workers: 1
 Concurrent Refinement Workers: 4
 Periodic GC: Disabled
Heap:
 garbage-first heap   total 204800K, used 104680K [0x0000000080000000, 0x0000000100000000)
  region size 1024K, 5 young (5120K), 1 survivors (1024K)
 Metaspace       used 75197K, committed 75904K, reserved 1122304K
  class space    used 10166K, committed 10496K, reserved 1048576K
GC Heap History (20 events):
Event: 9.681 GC heap before
{Heap before GC invocations=17 (full 0):
 garbage-first heap   total 91136K, used 67013K [0x0000000080000000, 0x0000000100000000)
  region size 1024K, 16 young (16384K), 1 survivors (1024K)
 Metaspace       used 41607K, committed 41984K, reserved 1089536K
  class space    used 5546K, committed 5696K, reserved 1048576K
}
Event: 9.689 GC heap after
{Heap after GC invocations=18 (full 0):
 garbage-first heap   total 91136K, used 55909K [0x0000000080000000, 0x0000000100000000)
  region size 1024K, 3 young (3072K), 3 survivors (3072K)
 Metaspace       used 41607K, committed 41984K, reserved 1089536K
  class space    used 5546K, committed 5696K, reserved 1048576K
}
Event: 10.388 GC heap before
{Heap before GC invocations=19 (full 0):
 garbage-first heap   total 102400K, used 76389K [0x0000000080000000, 0x0000000100000000)
  region size 1024K, 20 young (20480K), 3 survivors (3072K)
 Metaspace       used 44383K, committed 44864K, reserved 1089536K
  class space    used 5872K, committed 6080K, reserved 1048576K
}
Event: 10.397 GC heap after
{Heap after GC invocations=20 (full 0):
 garbage-first heap   total 102400K, used 56727K [0x0000000080000000, 0x0000000100000000)
  region size 1024K, 2 young (2048K), 2 survivors (2048K)
 Metaspace       used 44383K, committed 44864K, reserved 1089536K
  class space    used 5872K, committed 6080K, reserved 1048576K
}
Event: 10.524 GC heap before
{Heap before GC invocations=20 (full 0):
 garbage-first heap   total 102400K, used 59799K [0x0000000080000000, 0x0000000100000000)
  region size 1024K, 5 young (5120K), 2 survivors (2048K)
 Metaspace       used 44808K, committed 45248K, reserved 1089536K
  class space    used 5932K, committed 6144K, reserved 1048576K
}
Event: 10.531 GC heap after
{Heap after GC invocations=21 (full 0):
 garbage-first heap   total 102400K, used 56242K [0x0000000080000000, 0x0000000100000000)
  region size 1024K, 1 young (1024K), 1 survivors (1024K)
 Metaspace       used 44808K, committed 45248K, reserved 1089536K
  class space    used 5932K, committed 6144K, reserved 1048576K
}
Event: 10.953 GC heap before
{Heap before GC invocations=21 (full 0):
 garbage-first heap   total 102400K, used 63410K [0x0000000080000000, 0x0000000100000000)
  region size 1024K, 9 young (9216K), 1 survivors (1024K)
 Metaspace       used 45519K, committed 46016K, reserved 1089536K
  class space    used 6050K, committed 6272K, reserved 1048576K
}
Event: 10.959 GC heap after
{Heap after GC invocations=22 (full 0):
 garbage-first heap   total 204800K, used 57265K [0x0000000080000000, 0x0000000100000000)
  region size 1024K, 2 young (2048K), 2 survivors (2048K)
 Metaspace       used 45519K, committed 46016K, reserved 1089536K
  class space    used 6050K, committed 6272K, reserved 1048576K
}
Event: 14.351 GC heap before
{Heap before GC invocations=22 (full 0):
 garbage-first heap   total 204800K, used 167857K [0x0000000080000000, 0x0000000100000000)
  region size 1024K, 104 young (106496K), 2 survivors (2048K)
 Metaspace       used 53287K, committed 53824K, reserved 1097728K
  class space    used 7099K, committed 7360K, reserved 1048576K
}
Event: 14.369 GC heap after
{Heap after GC invocations=23 (full 0):
 garbage-first heap   total 204800K, used 71724K [0x0000000080000000, 0x0000000100000000)
  region size 1024K, 10 young (10240K), 10 survivors (10240K)
 Metaspace       used 53287K, committed 53824K, reserved 1097728K
  class space    used 7099K, committed 7360K, reserved 1048576K
}
Event: 17.075 GC heap before
{Heap before GC invocations=23 (full 0):
 garbage-first heap   total 204800K, used 169004K [0x0000000080000000, 0x0000000100000000)
  region size 1024K, 93 young (95232K), 10 survivors (10240K)
 Metaspace       used 63431K, committed 64128K, reserved 1105920K
  class space    used 8407K, committed 8704K, reserved 1048576K
}
Event: 17.106 GC heap after
{Heap after GC invocations=24 (full 0):
 garbage-first heap   total 204800K, used 96138K [0x0000000080000000, 0x0000000100000000)
  region size 1024K, 12 young (12288K), 12 survivors (12288K)
 Metaspace       used 63431K, committed 64128K, reserved 1105920K
  class space    used 8407K, committed 8704K, reserved 1048576K
}
Event: 19.555 GC heap before
{Heap before GC invocations=24 (full 0):
 garbage-first heap   total 204800K, used 165770K [0x0000000080000000, 0x0000000100000000)
  region size 1024K, 77 young (78848K), 12 survivors (12288K)
 Metaspace       used 69908K, committed 70528K, reserved 1114112K
  class space    used 9255K, committed 9536K, reserved 1048576K
}
Event: 19.573 GC heap after
{Heap after GC invocations=25 (full 0):
 garbage-first heap   total 204800K, used 97289K [0x0000000080000000, 0x0000000100000000)
  region size 1024K, 5 young (5120K), 5 survivors (5120K)
 Metaspace       used 69908K, committed 70528K, reserved 1114112K
  class space    used 9255K, committed 9536K, reserved 1048576K
}
Event: 19.759 GC heap before
{Heap before GC invocations=25 (full 0):
 garbage-first heap   total 204800K, used 102409K [0x0000000080000000, 0x0000000100000000)
  region size 1024K, 11 young (11264K), 5 survivors (5120K)
 Metaspace       used 70574K, committed 71168K, reserved 1114112K
  class space    used 9324K, committed 9600K, reserved 1048576K
}
Event: 19.770 GC heap after
{Heap after GC invocations=26 (full 0):
 garbage-first heap   total 204800K, used 97649K [0x0000000080000000, 0x0000000100000000)
  region size 1024K, 5 young (5120K), 5 survivors (5120K)
 Metaspace       used 70574K, committed 71168K, reserved 1114112K
  class space    used 9324K, committed 9600K, reserved 1048576K
}
Event: 21.778 GC heap before
{Heap before GC invocations=27 (full 0):
 garbage-first heap   total 204800K, used 166257K [0x0000000080000000, 0x0000000100000000)
  region size 1024K, 73 young (74752K), 5 survivors (5120K)
 Metaspace       used 74683K, committed 75392K, reserved 1122304K
  class space    used 10048K, committed 10368K, reserved 1048576K
}
Event: 21.799 GC heap after
{Heap after GC invocations=28 (full 0):
 garbage-first heap   total 204800K, used 101686K [0x0000000080000000, 0x0000000100000000)
  region size 1024K, 10 young (10240K), 10 survivors (10240K)
 Metaspace       used 74683K, committed 75392K, reserved 1122304K
  class space    used 10048K, committed 10368K, reserved 1048576K
}
Event: 21.927 GC heap before
{Heap before GC invocations=28 (full 0):
 garbage-first heap   total 204800K, used 102710K [0x0000000080000000, 0x0000000100000000)
  region size 1024K, 11 young (11264K), 10 survivors (10240K)
 Metaspace       used 74834K, committed 75520K, reserved 1122304K
  class space    used 10086K, committed 10368K, reserved 1048576K
}
Event: 21.948 GC heap after
{Heap after GC invocations=29 (full 0):
 garbage-first heap   total 204800K, used 101608K [0x0000000080000000, 0x0000000100000000)
  region size 1024K, 1 young (1024K), 1 survivors (1024K)
 Metaspace       used 74834K, committed 75520K, reserved 1122304K
  class space    used 10086K, committed 10368K, reserved 1048576K
}

