# JRE version: OpenJDK Runtime Environment (17.0.6) (build 17.0.6+0-b2043.56-10027231)
# Java VM: OpenJDK 64-Bit Server VM (17.0.6+0-b2043.56-10027231, mixed mode, tiered, compressed oops, compressed class ptrs, g1 gc, windows-amd64)
GC Precious Log:
 CPUs: 4 total, 4 available
 Memory: 7983M
 Large Page Support: Disabled
 NUMA Support: Disabled
 Compressed Oops: Enabled (32-bit)
 Heap Region Size: 1M
 Heap Min Capacity: 8M
 Heap Initial Capacity: 126M
 Heap Max Capacity: 2G
 Pre-touch: Disabled
 Parallel Workers: 4
 Concurrent Workers: 1
 Concurrent Refinement Workers: 4
 Periodic GC: Disabled
Heap:
 garbage-first heap   total 130048K, used 85865K [0x0000000080000000, 0x0000000100000000)
  region size 1024K, 1 young (1024K), 1 survivors (1024K)
 Metaspace       used 56705K, committed 57280K, reserved 1105920K
  class space    used 7558K, committed 7808K, reserved 1048576K
GC Heap History (20 events):
Event: 7.567 GC heap after
{Heap after GC invocations=9 (full 0):
 garbage-first heap   total 65536K, used 43120K [0x0000000080000000, 0x0000000100000000)
  region size 1024K, 1 young (1024K), 1 survivors (1024K)
 Metaspace       used 28955K, committed 29312K, reserved 1081344K
  class space    used 3917K, committed 4096K, reserved 1048576K
}
Event: 8.011 GC heap before
{Heap before GC invocations=10 (full 0):
 garbage-first heap   total 80896K, used 53360K [0x0000000080000000, 0x0000000100000000)
  region size 1024K, 10 young (10240K), 1 survivors (1024K)
 Metaspace       used 30132K, committed 30464K, reserved 1081344K
  class space    used 4087K, committed 4224K, reserved 1048576K
}
Event: 8.015 GC heap after
{Heap after GC invocations=11 (full 0):
 garbage-first heap   total 80896K, used 47114K [0x0000000080000000, 0x0000000100000000)
  region size 1024K, 2 young (2048K), 2 survivors (2048K)
 Metaspace       used 30132K, committed 30464K, reserved 1081344K
  class space    used 4087K, committed 4224K, reserved 1048576K
}
Event: 8.042 GC heap before
{Heap before GC invocations=11 (full 0):
 garbage-first heap   total 80896K, used 48138K [0x0000000080000000, 0x0000000100000000)
  region size 1024K, 3 young (3072K), 2 survivors (2048K)
 Metaspace       used 30232K, committed 30592K, reserved 1081344K
  class space    used 4107K, committed 4288K, reserved 1048576K
}
Event: 8.045 GC heap after
{Heap after GC invocations=12 (full 0):
 garbage-first heap   total 80896K, used 46441K [0x0000000080000000, 0x0000000100000000)
  region size 1024K, 1 young (1024K), 1 survivors (1024K)
 Metaspace       used 30232K, committed 30592K, reserved 1081344K
  class space    used 4107K, committed 4288K, reserved 1048576K
}
Event: 8.574 GC heap before
{Heap before GC invocations=12 (full 0):
 garbage-first heap   total 80896K, used 61801K [0x0000000080000000, 0x0000000100000000)
  region size 1024K, 16 young (16384K), 1 survivors (1024K)
 Metaspace       used 32263K, committed 32576K, reserved 1081344K
  class space    used 4450K, committed 4608K, reserved 1048576K
}
Event: 8.579 GC heap after
{Heap after GC invocations=13 (full 0):
 garbage-first heap   total 130048K, used 47116K [0x0000000080000000, 0x0000000100000000)
  region size 1024K, 1 young (1024K), 1 survivors (1024K)
 Metaspace       used 32263K, committed 32576K, reserved 1081344K
  class space    used 4450K, committed 4608K, reserved 1048576K
}
Event: 10.319 GC heap before
{Heap before GC invocations=14 (full 0):
 garbage-first heap   total 130048K, used 93196K [0x0000000080000000, 0x0000000100000000)
  region size 1024K, 47 young (48128K), 1 survivors (1024K)
 Metaspace       used 41203K, committed 41600K, reserved 1089536K
  class space    used 5501K, committed 5696K, reserved 1048576K
}
Event: 10.334 GC heap after
{Heap after GC invocations=15 (full 0):
 garbage-first heap   total 130048K, used 51940K [0x0000000080000000, 0x0000000100000000)
  region size 1024K, 6 young (6144K), 6 survivors (6144K)
 Metaspace       used 41203K, committed 41600K, reserved 1089536K
  class space    used 5501K, committed 5696K, reserved 1048576K
}
Event: 11.766 GC heap before
{Heap before GC invocations=15 (full 0):
 garbage-first heap   total 130048K, used 106212K [0x0000000080000000, 0x0000000100000000)
  region size 1024K, 51 young (52224K), 6 survivors (6144K)
 Metaspace       used 45802K, committed 46272K, reserved 1089536K
  class space    used 6082K, committed 6272K, reserved 1048576K
}
Event: 11.789 GC heap after
{Heap after GC invocations=16 (full 0):
 garbage-first heap   total 130048K, used 62398K [0x0000000080000000, 0x0000000100000000)
  region size 1024K, 6 young (6144K), 6 survivors (6144K)
 Metaspace       used 45802K, committed 46272K, reserved 1089536K
  class space    used 6082K, committed 6272K, reserved 1048576K
}
Event: 12.734 GC heap before
{Heap before GC invocations=16 (full 0):
 garbage-first heap   total 130048K, used 100286K [0x0000000080000000, 0x0000000100000000)
  region size 1024K, 43 young (44032K), 6 survivors (6144K)
 Metaspace       used 48950K, committed 49472K, reserved 1097728K
  class space    used 6429K, committed 6656K, reserved 1048576K
}
Event: 12.749 GC heap after
{Heap after GC invocations=17 (full 0):
 garbage-first heap   total 130048K, used 66452K [0x0000000080000000, 0x0000000100000000)
  region size 1024K, 4 young (4096K), 4 survivors (4096K)
 Metaspace       used 48950K, committed 49472K, reserved 1097728K
  class space    used 6429K, committed 6656K, reserved 1048576K
}
Event: 14.015 GC heap before
{Heap before GC invocations=17 (full 0):
 garbage-first heap   total 130048K, used 103316K [0x0000000080000000, 0x0000000100000000)
  region size 1024K, 40 young (40960K), 4 survivors (4096K)
 Metaspace       used 52754K, committed 53312K, reserved 1097728K
  class space    used 7045K, committed 7296K, reserved 1048576K
}
Event: 14.031 GC heap after
{Heap after GC invocations=18 (full 0):
 garbage-first heap   total 130048K, used 69576K [0x0000000080000000, 0x0000000100000000)
  region size 1024K, 3 young (3072K), 3 survivors (3072K)
 Metaspace       used 52754K, committed 53312K, reserved 1097728K
  class space    used 7045K, committed 7296K, reserved 1048576K
}
Event: 15.217 GC heap before
{Heap before GC invocations=19 (full 0):
 garbage-first heap   total 130048K, used 112584K [0x0000000080000000, 0x0000000100000000)
  region size 1024K, 37 young (37888K), 3 survivors (3072K)
 Metaspace       used 53858K, committed 54464K, reserved 1097728K
  class space    used 7175K, committed 7424K, reserved 1048576K
}
Event: 15.228 GC heap after
{Heap after GC invocations=20 (full 0):
 garbage-first heap   total 130048K, used 85359K [0x0000000080000000, 0x0000000100000000)
  region size 1024K, 5 young (5120K), 5 survivors (5120K)
 Metaspace       used 53858K, committed 54464K, reserved 1097728K
  class space    used 7175K, committed 7424K, reserved 1048576K
}
Event: 15.243 GC heap before
{Heap before GC invocations=20 (full 0):
 garbage-first heap   total 130048K, used 86383K [0x0000000080000000, 0x0000000100000000)
  region size 1024K, 6 young (6144K), 5 survivors (5120K)
 Metaspace       used 53962K, committed 54528K, reserved 1097728K
  class space    used 7185K, committed 7424K, reserved 1048576K
}
Event: 15.248 GC heap after
{Heap after GC invocations=21 (full 0):
 garbage-first heap   total 130048K, used 85409K [0x0000000080000000, 0x0000000100000000)
  region size 1024K, 1 young (1024K), 1 survivors (1024K)
 Metaspace       used 53962K, committed 54528K, reserved 1097728K
  class space    used 7185K, committed 7424K, reserved 1048576K
}
Event: 15.738 GC heap before
{Heap before GC invocations=21 (full 0):
 garbage-first heap   total 130048K, used 103841K [0x0000000080000000, 0x0000000100000000)
  region size 1024K, 20 young (20480K), 1 survivors (1024K)
 Metaspace       used 56705K, committed 57280K, reserved 1105920K
  class space    used 7558K, committed 7808K, reserved 1048576K
}

