# JRE version: OpenJDK Runtime Environment (17.0.6) (build 17.0.6+0-b2043.56-10027231)
# Java VM: OpenJDK 64-Bit Server VM (17.0.6+0-b2043.56-10027231, mixed mode, tiered, compressed oops, compressed class ptrs, g1 gc, windows-amd64)
GC Precious Log:
 CPUs: 4 total, 4 available
 Memory: 7983M
 Large Page Support: Disabled
 NUMA Support: Disabled
 Compressed Oops: Enabled (32-bit)
 Heap Region Size: 1M
 Heap Min Capacity: 8M
 Heap Initial Capacity: 126M
 Heap Max Capacity: 2G
 Pre-touch: Disabled
 Parallel Workers: 4
 Concurrent Workers: 1
 Concurrent Refinement Workers: 4
 Periodic GC: Disabled
Heap:
 garbage-first heap   total 94208K, used 52758K [0x0000000080000000, 0x0000000100000000)
  region size 1024K, 3 young (3072K), 3 survivors (3072K)
 Metaspace       used 61307K, committed 61824K, reserved 1105920K
  class space    used 8067K, committed 8256K, reserved 1048576K
GC Heap History (20 events):
Event: 8.546 GC heap after
{Heap after GC invocations=11 (full 0):
 garbage-first heap   total 65536K, used 25855K [0x0000000080000000, 0x0000000100000000)
  region size 1024K, 3 young (3072K), 3 survivors (3072K)
 Metaspace       used 39769K, committed 40128K, reserved 1089536K
  class space    used 5280K, committed 5440K, reserved 1048576K
}
Event: 9.104 GC heap before
{Heap before GC invocations=12 (full 0):
 garbage-first heap   total 65536K, used 48383K [0x0000000080000000, 0x0000000100000000)
  region size 1024K, 23 young (23552K), 3 survivors (3072K)
 Metaspace       used 41787K, committed 42112K, reserved 1089536K
  class space    used 5459K, committed 5568K, reserved 1048576K
}
Event: 9.114 GC heap after
{Heap after GC invocations=13 (full 0):
 garbage-first heap   total 65536K, used 27647K [0x0000000080000000, 0x0000000100000000)
  region size 1024K, 3 young (3072K), 3 survivors (3072K)
 Metaspace       used 41787K, committed 42112K, reserved 1089536K
  class space    used 5459K, committed 5568K, reserved 1048576K
}
Event: 9.615 GC heap before
{Heap before GC invocations=13 (full 0):
 garbage-first heap   total 65536K, used 47103K [0x0000000080000000, 0x0000000100000000)
  region size 1024K, 22 young (22528K), 3 survivors (3072K)
 Metaspace       used 42909K, committed 43200K, reserved 1089536K
  class space    used 5634K, committed 5760K, reserved 1048576K
}
Event: 9.623 GC heap after
{Heap after GC invocations=14 (full 0):
 garbage-first heap   total 78848K, used 29670K [0x0000000080000000, 0x0000000100000000)
  region size 1024K, 3 young (3072K), 3 survivors (3072K)
 Metaspace       used 42909K, committed 43200K, reserved 1089536K
  class space    used 5634K, committed 5760K, reserved 1048576K
}
Event: 10.761 GC heap before
{Heap before GC invocations=14 (full 0):
 garbage-first heap   total 78848K, used 56294K [0x0000000080000000, 0x0000000100000000)
  region size 1024K, 29 young (29696K), 3 survivors (3072K)
 Metaspace       used 46946K, committed 47424K, reserved 1097728K
  class space    used 6184K, committed 6400K, reserved 1048576K
}
Event: 10.771 GC heap after
{Heap after GC invocations=15 (full 0):
 garbage-first heap   total 78848K, used 30962K [0x0000000080000000, 0x0000000100000000)
  region size 1024K, 4 young (4096K), 4 survivors (4096K)
 Metaspace       used 46946K, committed 47424K, reserved 1097728K
  class space    used 6184K, committed 6400K, reserved 1048576K
}
Event: 12.088 GC heap before
{Heap before GC invocations=15 (full 0):
 garbage-first heap   total 78848K, used 56562K [0x0000000080000000, 0x0000000100000000)
  region size 1024K, 30 young (30720K), 4 survivors (4096K)
 Metaspace       used 49984K, committed 50432K, reserved 1097728K
  class space    used 6615K, committed 6784K, reserved 1048576K
}
Event: 12.098 GC heap after
{Heap after GC invocations=16 (full 0):
 garbage-first heap   total 78848K, used 32969K [0x0000000080000000, 0x0000000100000000)
  region size 1024K, 4 young (4096K), 4 survivors (4096K)
 Metaspace       used 49984K, committed 50432K, reserved 1097728K
  class space    used 6615K, committed 6784K, reserved 1048576K
}
Event: 13.068 GC heap before
{Heap before GC invocations=16 (full 0):
 garbage-first heap   total 78848K, used 61641K [0x0000000080000000, 0x0000000100000000)
  region size 1024K, 30 young (30720K), 4 survivors (4096K)
 Metaspace       used 51099K, committed 51520K, reserved 1097728K
  class space    used 6734K, committed 6912K, reserved 1048576K
}
Event: 13.079 GC heap after
{Heap after GC invocations=17 (full 0):
 garbage-first heap   total 78848K, used 38136K [0x0000000080000000, 0x0000000100000000)
  region size 1024K, 4 young (4096K), 4 survivors (4096K)
 Metaspace       used 51099K, committed 51520K, reserved 1097728K
  class space    used 6734K, committed 6912K, reserved 1048576K
}
Event: 13.086 GC heap before
{Heap before GC invocations=17 (full 0):
 garbage-first heap   total 78848K, used 38136K [0x0000000080000000, 0x0000000100000000)
  region size 1024K, 5 young (5120K), 4 survivors (4096K)
 Metaspace       used 51099K, committed 51520K, reserved 1097728K
  class space    used 6734K, committed 6912K, reserved 1048576K
}
Event: 13.093 GC heap after
{Heap after GC invocations=18 (full 0):
 garbage-first heap   total 78848K, used 38835K [0x0000000080000000, 0x0000000100000000)
  region size 1024K, 1 young (1024K), 1 survivors (1024K)
 Metaspace       used 51099K, committed 51520K, reserved 1097728K
  class space    used 6734K, committed 6912K, reserved 1048576K
}
Event: 13.614 GC heap before
{Heap before GC invocations=19 (full 0):
 garbage-first heap   total 87040K, used 63411K [0x0000000080000000, 0x0000000100000000)
  region size 1024K, 20 young (20480K), 1 survivors (1024K)
 Metaspace       used 52774K, committed 53248K, reserved 1097728K
  class space    used 6966K, committed 7168K, reserved 1048576K
}
Event: 13.618 GC heap after
{Heap after GC invocations=20 (full 0):
 garbage-first heap   total 87040K, used 49120K [0x0000000080000000, 0x0000000100000000)
  region size 1024K, 3 young (3072K), 3 survivors (3072K)
 Metaspace       used 52774K, committed 53248K, reserved 1097728K
  class space    used 6966K, committed 7168K, reserved 1048576K
}
Event: 14.169 GC heap before
{Heap before GC invocations=20 (full 0):
 garbage-first heap   total 87040K, used 64480K [0x0000000080000000, 0x0000000100000000)
  region size 1024K, 19 young (19456K), 3 survivors (3072K)
 Metaspace       used 55100K, committed 55552K, reserved 1097728K
  class space    used 7294K, committed 7488K, reserved 1048576K
}
Event: 14.175 GC heap after
{Heap after GC invocations=21 (full 0):
 garbage-first heap   total 87040K, used 50478K [0x0000000080000000, 0x0000000100000000)
  region size 1024K, 1 young (1024K), 1 survivors (1024K)
 Metaspace       used 55100K, committed 55552K, reserved 1097728K
  class space    used 7294K, committed 7488K, reserved 1048576K
}
Event: 14.746 GC heap before
{Heap before GC invocations=22 (full 0):
 garbage-first heap   total 94208K, used 65838K [0x0000000080000000, 0x0000000100000000)
  region size 1024K, 16 young (16384K), 1 survivors (1024K)
 Metaspace       used 57649K, committed 58176K, reserved 1105920K
  class space    used 7599K, committed 7808K, reserved 1048576K
}
Event: 14.751 GC heap after
{Heap after GC invocations=23 (full 0):
 garbage-first heap   total 94208K, used 50994K [0x0000000080000000, 0x0000000100000000)
  region size 1024K, 2 young (2048K), 2 survivors (2048K)
 Metaspace       used 57649K, committed 58176K, reserved 1105920K
  class space    used 7599K, committed 7808K, reserved 1048576K
}
Event: 15.461 GC heap before
{Heap before GC invocations=23 (full 0):
 garbage-first heap   total 94208K, used 65330K [0x0000000080000000, 0x0000000100000000)
  region size 1024K, 17 young (17408K), 2 survivors (2048K)
 Metaspace       used 61307K, committed 61824K, reserved 1105920K
  class space    used 8067K, committed 8256K, reserved 1048576K
}

