# JRE version: OpenJDK Runtime Environment (17.0.6) (build 17.0.6+0-b2043.56-10027231)
# Java VM: OpenJDK 64-Bit Server VM (17.0.6+0-b2043.56-10027231, mixed mode, tiered, compressed oops, compressed class ptrs, g1 gc, windows-amd64)
GC Precious Log:
 CPUs: 4 total, 4 available
 Memory: 7983M
 Large Page Support: Disabled
 NUMA Support: Disabled
 Compressed Oops: Enabled (32-bit)
 Heap Region Size: 1M
 Heap Min Capacity: 8M
 Heap Initial Capacity: 126M
 Heap Max Capacity: 2G
 Pre-touch: Disabled
 Parallel Workers: 4
 Concurrent Workers: 1
 Concurrent Refinement Workers: 4
 Periodic GC: Disabled
Heap:
 garbage-first heap   total 186368K, used 135666K [0x0000000080000000, 0x0000000100000000)
  region size 1024K, 12 young (12288K), 7 survivors (7168K)
 Metaspace       used 82099K, committed 82752K, reserved 1122304K
  class space    used 11172K, committed 11456K, reserved 1048576K
GC Heap History (20 events):
Event: 14.637 GC heap before
{Heap before GC invocations=27 (full 0):
 garbage-first heap   total 124928K, used 75837K [0x0000000080000000, 0x0000000100000000)
  region size 1024K, 6 young (6144K), 2 survivors (2048K)
 Metaspace       used 53244K, committed 53824K, reserved 1097728K
  class space    used 7097K, committed 7360K, reserved 1048576K
}
Event: 14.649 GC heap after
{Heap after GC invocations=28 (full 0):
 garbage-first heap   total 124928K, used 71784K [0x0000000080000000, 0x0000000100000000)
  region size 1024K, 1 young (1024K), 1 survivors (1024K)
 Metaspace       used 53244K, committed 53824K, reserved 1097728K
  class space    used 7097K, committed 7360K, reserved 1048576K
}
Event: 15.402 GC heap before
{Heap before GC invocations=28 (full 0):
 garbage-first heap   total 124928K, used 90216K [0x0000000080000000, 0x0000000100000000)
  region size 1024K, 21 young (21504K), 1 survivors (1024K)
 Metaspace       used 53826K, committed 54464K, reserved 1097728K
  class space    used 7145K, committed 7424K, reserved 1048576K
}
Event: 15.410 GC heap after
{Heap after GC invocations=29 (full 0):
 garbage-first heap   total 180224K, used 72954K [0x0000000080000000, 0x0000000100000000)
  region size 1024K, 2 young (2048K), 2 survivors (2048K)
 Metaspace       used 53826K, committed 54464K, reserved 1097728K
  class space    used 7145K, committed 7424K, reserved 1048576K
}
Event: 18.145 GC heap before
{Heap before GC invocations=29 (full 0):
 garbage-first heap   total 180224K, used 144634K [0x0000000080000000, 0x0000000100000000)
  region size 1024K, 63 young (64512K), 2 survivors (2048K)
 Metaspace       used 62362K, committed 62976K, reserved 1105920K
  class space    used 8283K, committed 8576K, reserved 1048576K
}
Event: 18.159 GC heap after
{Heap after GC invocations=30 (full 0):
 garbage-first heap   total 180224K, used 89713K [0x0000000080000000, 0x0000000100000000)
  region size 1024K, 8 young (8192K), 8 survivors (8192K)
 Metaspace       used 62362K, committed 62976K, reserved 1105920K
  class space    used 8283K, committed 8576K, reserved 1048576K
}
Event: 18.417 GC heap before
{Heap before GC invocations=30 (full 0):
 garbage-first heap   total 180224K, used 94833K [0x0000000080000000, 0x0000000100000000)
  region size 1024K, 14 young (14336K), 8 survivors (8192K)
 Metaspace       used 63812K, committed 64512K, reserved 1105920K
  class space    used 8444K, committed 8768K, reserved 1048576K
}
Event: 18.427 GC heap after
{Heap after GC invocations=31 (full 0):
 garbage-first heap   total 180224K, used 90900K [0x0000000080000000, 0x0000000100000000)
  region size 1024K, 2 young (2048K), 2 survivors (2048K)
 Metaspace       used 63812K, committed 64512K, reserved 1105920K
  class space    used 8444K, committed 8768K, reserved 1048576K
}
Event: 20.027 GC heap before
{Heap before GC invocations=32 (full 0):
 garbage-first heap   total 184320K, used 149268K [0x0000000080000000, 0x0000000100000000)
  region size 1024K, 52 young (53248K), 2 survivors (2048K)
 Metaspace       used 67562K, committed 68288K, reserved 1114112K
  class space    used 8915K, committed 9216K, reserved 1048576K
}
Event: 20.037 GC heap after
{Heap after GC invocations=33 (full 0):
 garbage-first heap   total 184320K, used 95314K [0x0000000080000000, 0x0000000100000000)
  region size 1024K, 6 young (6144K), 6 survivors (6144K)
 Metaspace       used 67562K, committed 68288K, reserved 1114112K
  class space    used 8915K, committed 9216K, reserved 1048576K
}
Event: 20.141 GC heap before
{Heap before GC invocations=33 (full 0):
 garbage-first heap   total 184320K, used 98386K [0x0000000080000000, 0x0000000100000000)
  region size 1024K, 9 young (9216K), 6 survivors (6144K)
 Metaspace       used 67875K, committed 68544K, reserved 1114112K
  class space    used 8947K, committed 9216K, reserved 1048576K
}
Event: 20.152 GC heap after
{Heap after GC invocations=34 (full 0):
 garbage-first heap   total 184320K, used 95948K [0x0000000080000000, 0x0000000100000000)
  region size 1024K, 2 young (2048K), 2 survivors (2048K)
 Metaspace       used 67875K, committed 68544K, reserved 1114112K
  class space    used 8947K, committed 9216K, reserved 1048576K
}
Event: 21.323 GC heap before
{Heap before GC invocations=34 (full 0):
 garbage-first heap   total 184320K, used 147148K [0x0000000080000000, 0x0000000100000000)
  region size 1024K, 52 young (53248K), 2 survivors (2048K)
 Metaspace       used 71286K, committed 72000K, reserved 1114112K
  class space    used 9416K, committed 9728K, reserved 1048576K
}
Event: 21.334 GC heap after
{Heap after GC invocations=35 (full 0):
 garbage-first heap   total 184320K, used 98230K [0x0000000080000000, 0x0000000100000000)
  region size 1024K, 4 young (4096K), 4 survivors (4096K)
 Metaspace       used 71286K, committed 72000K, reserved 1114112K
  class space    used 9416K, committed 9728K, reserved 1048576K
}
Event: 22.839 GC heap before
{Heap before GC invocations=36 (full 0):
 garbage-first heap   total 186368K, used 148406K [0x0000000080000000, 0x0000000100000000)
  region size 1024K, 53 young (54272K), 4 survivors (4096K)
 Metaspace       used 75799K, committed 76416K, reserved 1122304K
  class space    used 10229K, committed 10496K, reserved 1048576K
}
Event: 22.853 GC heap after
{Heap after GC invocations=37 (full 0):
 garbage-first heap   total 186368K, used 101650K [0x0000000080000000, 0x0000000100000000)
  region size 1024K, 7 young (7168K), 7 survivors (7168K)
 Metaspace       used 75799K, committed 76416K, reserved 1122304K
  class space    used 10229K, committed 10496K, reserved 1048576K
}
Event: 22.909 GC heap before
{Heap before GC invocations=37 (full 0):
 garbage-first heap   total 186368K, used 103698K [0x0000000080000000, 0x0000000100000000)
  region size 1024K, 9 young (9216K), 7 survivors (7168K)
 Metaspace       used 76078K, committed 76672K, reserved 1122304K
  class space    used 10284K, committed 10560K, reserved 1048576K
}
Event: 22.923 GC heap after
{Heap after GC invocations=38 (full 0):
 garbage-first heap   total 186368K, used 102280K [0x0000000080000000, 0x0000000100000000)
  region size 1024K, 1 young (1024K), 1 survivors (1024K)
 Metaspace       used 76078K, committed 76672K, reserved 1122304K
  class space    used 10284K, committed 10560K, reserved 1048576K
}
Event: 24.533 GC heap before
{Heap before GC invocations=38 (full 0):
 garbage-first heap   total 186368K, used 174984K [0x0000000080000000, 0x0000000100000000)
  region size 1024K, 50 young (51200K), 1 survivors (1024K)
 Metaspace       used 81277K, committed 81856K, reserved 1122304K
  class space    used 11066K, committed 11328K, reserved 1048576K
}
Event: 24.545 GC heap after
{Heap after GC invocations=39 (full 0):
 garbage-first heap   total 186368K, used 131570K [0x0000000080000000, 0x0000000100000000)
  region size 1024K, 7 young (7168K), 7 survivors (7168K)
 Metaspace       used 81277K, committed 81856K, reserved 1122304K
  class space    used 11066K, committed 11328K, reserved 1048576K
}

